<?xml version="1.0" encoding="UTF-8"?>
<testsuite name="com.csc.TestTriangleNumberCalculator" tests="1" skipped="0" failures="0" errors="0" timestamp="2024-10-16T17:13:03" hostname="EL_TOTE1" time="0.014">
  <properties/>
  <testcase name="TriangleNumberCalculator()" classname="com.csc.TestTriangleNumberCalculator" time="0.014"/>
  <system-out><![CDATA[]]></system-out>
  <system-err><![CDATA[]]></system-err>
</testsuite>
